This file contains any messages produced by compilers while
running configure, to aid debugging if configure makes a mistake.

It was created by opendht configure 1.9.4, which was
generated by GNU Autoconf 2.69.  Invocation command line was

  $ ./configure --prefix=/usr

## --------- ##
## Platform. ##
## --------- ##

hostname = localhost
uname -m = x86_64
uname -r = 4.18.0-17-generic
uname -s = Linux
uname -v = #18~18.04.1-Ubuntu SMP Fri Mar 15 15:27:12 UTC 2019

/usr/bin/uname -p = unknown
/bin/uname -X     = unknown

/bin/arch              = unknown
/usr/bin/arch -k       = unknown
/usr/convex/getsysinfo = unknown
/usr/bin/hostinfo      = unknown
/bin/machine           = unknown
/usr/bin/oslevel       = unknown
/bin/universe          = unknown

PATH: /home/sylvain/.npm-packages/bin
PATH: /home/sylvain/.npm-packages/bin
PATH: /home/sylvain/.cargo/bin
PATH: /home/sylvain/.local/bin
PATH: /usr/local/sbin
PATH: /usr/local/bin
PATH: /usr/sbin
PATH: /usr/bin
PATH: /sbin
PATH: /bin
PATH: /usr/games
PATH: /usr/local/games
PATH: /snap/bin
PATH: /home/sylvain/go/bin
PATH: /home/sylvain/go/bin
PATH: /home/sylvain/includeos/bin


## ----------- ##
## Core tests. ##
## ----------- ##

configure:2533: checking for a BSD-compatible install
configure:2601: result: /usr/bin/install -c
configure:2612: checking whether build environment is sane
configure:2667: result: yes
configure:2818: checking for a thread-safe mkdir -p
configure:2857: result: /bin/mkdir -p
configure:2864: checking for gawk
configure:2880: found /usr/bin/gawk
configure:2891: result: gawk
configure:2902: checking whether make sets $(MAKE)
configure:2924: result: yes
configure:2953: checking whether make supports nested variables
configure:2970: result: yes
configure:3103: checking build system type
configure:3117: result: x86_64-pc-linux-gnu
configure:3137: checking host system type
configure:3150: result: x86_64-pc-linux-gnu
configure:3247: checking for g++
configure:3263: found /usr/bin/g++
configure:3274: result: g++
configure:3301: checking for C++ compiler version
configure:3310: g++ --version >&5
g++ (Ubuntu 7.4.0-1ubuntu1~18.04) 7.4.0
Copyright (C) 2017 Free Software Foundation, Inc.
This is free software; see the source for copying conditions.  There is NO
warranty; not even for MERCHANTABILITY or FITNESS FOR A PARTICULAR PURPOSE.

configure:3321: $? = 0
configure:3310: g++ -v >&5
Using built-in specs.
COLLECT_GCC=g++
COLLECT_LTO_WRAPPER=/usr/lib/gcc/x86_64-linux-gnu/7/lto-wrapper
OFFLOAD_TARGET_NAMES=nvptx-none
OFFLOAD_TARGET_DEFAULT=1
Target: x86_64-linux-gnu
Configured with: ../src/configure -v --with-pkgversion='Ubuntu 7.4.0-1ubuntu1~18.04' --with-bugurl=file:///usr/share/doc/gcc-7/README.Bugs --enable-languages=c,ada,c++,go,brig,d,fortran,objc,obj-c++ --prefix=/usr --with-gcc-major-version-only --program-suffix=-7 --program-prefix=x86_64-linux-gnu- --enable-shared --enable-linker-build-id --libexecdir=/usr/lib --without-included-gettext --enable-threads=posix --libdir=/usr/lib --enable-nls --with-sysroot=/ --enable-clocale=gnu --enable-libstdcxx-debug --enable-libstdcxx-time=yes --with-default-libstdcxx-abi=new --enable-gnu-unique-object --disable-vtable-verify --enable-libmpx --enable-plugin --enable-default-pie --with-system-zlib --with-target-system-zlib --enable-objc-gc=auto --enable-multiarch --disable-werror --with-arch-32=i686 --with-abi=m64 --with-multilib-list=m32,m64,mx32 --enable-multilib --with-tune=generic --enable-offload-targets=nvptx-none --without-cuda-driver --enable-checking=release --build=x86_64-linux-gnu --host=x86_64-linux-gnu --target=x86_64-linux-gnu
Thread model: posix
gcc version 7.4.0 (Ubuntu 7.4.0-1ubuntu1~18.04) 
configure:3321: $? = 0
configure:3310: g++ -V >&5
g++: error: unrecognized command line option '-V'
g++: fatal error: no input files
compilation terminated.
configure:3321: $? = 1
configure:3310: g++ -qversion >&5
g++: error: unrecognized command line option '-qversion'; did you mean '--version'?
g++: fatal error: no input files
compilation terminated.
configure:3321: $? = 1
configure:3341: checking whether the C++ compiler works
configure:3363: g++  -O3 -pedantic-errors   conftest.cpp  >&5
configure:3367: $? = 0
configure:3415: result: yes
configure:3418: checking for C++ compiler default output file name
configure:3420: result: a.out
configure:3426: checking for suffix of executables
configure:3433: g++ -o conftest  -O3 -pedantic-errors   conftest.cpp  >&5
configure:3437: $? = 0
configure:3459: result: 
configure:3481: checking whether we are cross compiling
configure:3489: g++ -o conftest  -O3 -pedantic-errors   conftest.cpp  >&5
configure:3493: $? = 0
configure:3500: ./conftest
configure:3504: $? = 0
configure:3519: result: no
configure:3524: checking for suffix of object files
configure:3546: g++ -c  -O3 -pedantic-errors  conftest.cpp >&5
configure:3550: $? = 0
configure:3571: result: o
configure:3575: checking whether we are using the GNU C++ compiler
configure:3594: g++ -c  -O3 -pedantic-errors  conftest.cpp >&5
configure:3594: $? = 0
configure:3603: result: yes
configure:3612: checking whether g++ accepts -g
configure:3632: g++ -c -g  conftest.cpp >&5
configure:3632: $? = 0
configure:3673: result: yes
configure:3707: checking for style of include used by make
configure:3735: result: GNU
configure:3761: checking dependency style of g++
configure:3872: result: gcc3
configure:3935: checking for gcc
configure:3951: found /usr/bin/gcc
configure:3962: result: gcc
configure:4191: checking for C compiler version
configure:4200: gcc --version >&5
gcc (Ubuntu 7.4.0-1ubuntu1~18.04) 7.4.0
Copyright (C) 2017 Free Software Foundation, Inc.
This is free software; see the source for copying conditions.  There is NO
warranty; not even for MERCHANTABILITY or FITNESS FOR A PARTICULAR PURPOSE.

configure:4211: $? = 0
configure:4200: gcc -v >&5
Using built-in specs.
COLLECT_GCC=gcc
COLLECT_LTO_WRAPPER=/usr/lib/gcc/x86_64-linux-gnu/7/lto-wrapper
OFFLOAD_TARGET_NAMES=nvptx-none
OFFLOAD_TARGET_DEFAULT=1
Target: x86_64-linux-gnu
Configured with: ../src/configure -v --with-pkgversion='Ubuntu 7.4.0-1ubuntu1~18.04' --with-bugurl=file:///usr/share/doc/gcc-7/README.Bugs --enable-languages=c,ada,c++,go,brig,d,fortran,objc,obj-c++ --prefix=/usr --with-gcc-major-version-only --program-suffix=-7 --program-prefix=x86_64-linux-gnu- --enable-shared --enable-linker-build-id --libexecdir=/usr/lib --without-included-gettext --enable-threads=posix --libdir=/usr/lib --enable-nls --with-sysroot=/ --enable-clocale=gnu --enable-libstdcxx-debug --enable-libstdcxx-time=yes --with-default-libstdcxx-abi=new --enable-gnu-unique-object --disable-vtable-verify --enable-libmpx --enable-plugin --enable-default-pie --with-system-zlib --with-target-system-zlib --enable-objc-gc=auto --enable-multiarch --disable-werror --with-arch-32=i686 --with-abi=m64 --with-multilib-list=m32,m64,mx32 --enable-multilib --with-tune=generic --enable-offload-targets=nvptx-none --without-cuda-driver --enable-checking=release --build=x86_64-linux-gnu --host=x86_64-linux-gnu --target=x86_64-linux-gnu
Thread model: posix
gcc version 7.4.0 (Ubuntu 7.4.0-1ubuntu1~18.04) 
configure:4211: $? = 0
configure:4200: gcc -V >&5
gcc: error: unrecognized command line option '-V'
gcc: fatal error: no input files
compilation terminated.
configure:4211: $? = 1
configure:4200: gcc -qversion >&5
gcc: error: unrecognized command line option '-qversion'; did you mean '--version'?
gcc: fatal error: no input files
compilation terminated.
configure:4211: $? = 1
configure:4215: checking whether we are using the GNU C compiler
configure:4234: gcc -c   conftest.c >&5
configure:4234: $? = 0
configure:4243: result: yes
configure:4252: checking whether gcc accepts -g
configure:4272: gcc -c -g  conftest.c >&5
configure:4272: $? = 0
configure:4313: result: yes
configure:4330: checking for gcc option to accept ISO C89
configure:4393: gcc  -c -g -O2  conftest.c >&5
configure:4393: $? = 0
configure:4406: result: none needed
configure:4431: checking whether gcc understands -c and -o together
configure:4453: gcc -c conftest.c -o conftest2.o
configure:4456: $? = 0
configure:4453: gcc -c conftest.c -o conftest2.o
configure:4456: $? = 0
configure:4468: result: yes
configure:4487: checking dependency style of gcc
configure:4598: result: gcc3
configure:4663: checking for ar
configure:4679: found /usr/bin/ar
configure:4690: result: ar
configure:4716: checking the archiver (ar) interface
configure:4732: gcc -c -g -O2  conftest.c >&5
configure:4732: $? = 0
configure:4734: ar cru libconftest.a conftest.o >&5
ar: `u' modifier ignored since `D' is the default (see `U')
configure:4737: $? = 0
configure:4765: result: ar
configure:4932: checking for a Python interpreter with version >= 3.3
configure:4949: python -c import sys # split strings by '.' and convert to numeric. Append some zeros # because we need at least 4 digits for the hex conversion. # map returns an iterator in Python 3.0 and a list in 2.x minver = list(map(int, '3.3'.split('.'))) + [0, 0, 0] minverhex = 0 # xrange is not present in Python 3.0 and range returns an iterator for i in list(range(0, 4)): minverhex = (minverhex << 8) + minver[i] sys.exit(sys.hexversion < minverhex)
configure:4952: $? = 1
configure:4949: python2 -c import sys # split strings by '.' and convert to numeric. Append some zeros # because we need at least 4 digits for the hex conversion. # map returns an iterator in Python 3.0 and a list in 2.x minver = list(map(int, '3.3'.split('.'))) + [0, 0, 0] minverhex = 0 # xrange is not present in Python 3.0 and range returns an iterator for i in list(range(0, 4)): minverhex = (minverhex << 8) + minver[i] sys.exit(sys.hexversion < minverhex)
configure:4952: $? = 1
configure:4949: python3 -c import sys # split strings by '.' and convert to numeric. Append some zeros # because we need at least 4 digits for the hex conversion. # map returns an iterator in Python 3.0 and a list in 2.x minver = list(map(int, '3.3'.split('.'))) + [0, 0, 0] minverhex = 0 # xrange is not present in Python 3.0 and range returns an iterator for i in list(range(0, 4)): minverhex = (minverhex << 8) + minver[i] sys.exit(sys.hexversion < minverhex)
configure:4952: $? = 0
configure:4958: result: python3
configure:4966: checking for python3
configure:4984: found /usr/bin/python3
configure:4996: result: /usr/bin/python3
configure:5014: checking for python3 version
configure:5021: result: 3.6
configure:5033: checking for python3 platform
configure:5040: result: linux
configure:5066: checking for python3 script directory
configure:5101: result: ${prefix}/lib/python3.6/site-packages
configure:5110: checking for python3 extension module directory
configure:5145: result: ${exec_prefix}/lib/python3.6/site-packages
configure:5171: checking for pip3
configure:5187: found /usr/bin/pip3
configure:5198: result: pip3
configure:5334: checking how to print strings
configure:5361: result: printf
configure:5382: checking for a sed that does not truncate output
configure:5446: result: /bin/sed
configure:5464: checking for grep that handles long lines and -e
configure:5522: result: /bin/grep
configure:5527: checking for egrep
configure:5589: result: /bin/grep -E
configure:5594: checking for fgrep
configure:5656: result: /bin/grep -F
configure:5691: checking for ld used by gcc
configure:5758: result: /usr/bin/ld
configure:5765: checking if the linker (/usr/bin/ld) is GNU ld
configure:5780: result: yes
configure:5792: checking for BSD- or MS-compatible name lister (nm)
configure:5846: result: /usr/bin/nm -B
configure:5976: checking the name lister (/usr/bin/nm -B) interface
configure:5983: gcc -c -g -O2  conftest.c >&5
configure:5986: /usr/bin/nm -B "conftest.o"
configure:5989: output
0000000000000000 B some_variable
configure:5996: result: BSD nm
configure:5999: checking whether ln -s works
configure:6003: result: yes
configure:6011: checking the maximum length of command line arguments
configure:6142: result: 1572864
configure:6190: checking how to convert x86_64-pc-linux-gnu file names to x86_64-pc-linux-gnu format
configure:6230: result: func_convert_file_noop
configure:6237: checking how to convert x86_64-pc-linux-gnu file names to toolchain format
configure:6257: result: func_convert_file_noop
configure:6264: checking for /usr/bin/ld option to reload object files
configure:6271: result: -r
configure:6345: checking for objdump
configure:6361: found /usr/bin/objdump
configure:6372: result: objdump
configure:6404: checking how to recognize dependent libraries
configure:6604: result: pass_all
configure:6689: checking for dlltool
configure:6719: result: no
configure:6749: checking how to associate runtime and link libraries
configure:6776: result: printf %s\n
configure:6900: checking for archiver @FILE support
configure:6917: gcc -c -g -O2  conftest.c >&5
configure:6917: $? = 0
configure:6920: ar cru libconftest.a @conftest.lst >&5
ar: `u' modifier ignored since `D' is the default (see `U')
configure:6923: $? = 0
configure:6928: ar cru libconftest.a @conftest.lst >&5
ar: `u' modifier ignored since `D' is the default (see `U')
ar: conftest.o: No such file or directory
configure:6931: $? = 1
configure:6943: result: @
configure:7001: checking for strip
configure:7017: found /usr/bin/strip
configure:7028: result: strip
configure:7100: checking for ranlib
configure:7116: found /usr/bin/ranlib
configure:7127: result: ranlib
configure:7229: checking command to parse /usr/bin/nm -B output from gcc object
configure:7382: gcc -c -g -O2  conftest.c >&5
configure:7385: $? = 0
configure:7389: /usr/bin/nm -B conftest.o \| sed -n -e 's/^.*[ ]\([ABCDGIRSTW][ABCDGIRSTW]*\)[ ][ ]*\([_A-Za-z][_A-Za-z0-9]*\)$/\1 \2 \2/p' | sed '/ __gnu_lto/d' \> conftest.nm
configure:7392: $? = 0
configure:7458: gcc -o conftest -g -O2   -lpthread conftest.c conftstm.o >&5
configure:7461: $? = 0
configure:7499: result: ok
configure:7546: checking for sysroot
configure:7576: result: no
configure:7583: checking for a working dd
configure:7621: result: /bin/dd
configure:7625: checking how to truncate binary pipes
configure:7640: result: /bin/dd bs=4096 count=1
configure:7776: gcc -c -g -O2  conftest.c >&5
configure:7779: $? = 0
configure:7969: checking for mt
configure:7985: found /bin/mt
configure:7996: result: mt
configure:8019: checking if mt is a manifest tool
configure:8025: mt '-?'
configure:8033: result: no
configure:8710: checking how to run the C preprocessor
configure:8741: gcc -E  conftest.c
configure:8741: $? = 0
configure:8755: gcc -E  conftest.c
conftest.c:13:10: fatal error: ac_nonexistent.h: No such file or directory
 #include <ac_nonexistent.h>
          ^~~~~~~~~~~~~~~~~~
compilation terminated.
configure:8755: $? = 1
configure: failed program was:
| /* confdefs.h */
| #define PACKAGE_NAME "opendht"
| #define PACKAGE_TARNAME "opendht"
| #define PACKAGE_VERSION "1.9.4"
| #define PACKAGE_STRING "opendht 1.9.4"
| #define PACKAGE_BUGREPORT ""
| #define PACKAGE_URL ""
| #define PACKAGE "opendht"
| #define VERSION "1.9.4"
| #define OPENDHT_LOG true
| #define OPENDHT_INDEXATION 1
| /* end confdefs.h.  */
| #include <ac_nonexistent.h>
configure:8780: result: gcc -E
configure:8800: gcc -E  conftest.c
configure:8800: $? = 0
configure:8814: gcc -E  conftest.c
conftest.c:13:10: fatal error: ac_nonexistent.h: No such file or directory
 #include <ac_nonexistent.h>
          ^~~~~~~~~~~~~~~~~~
compilation terminated.
configure:8814: $? = 1
configure: failed program was:
| /* confdefs.h */
| #define PACKAGE_NAME "opendht"
| #define PACKAGE_TARNAME "opendht"
| #define PACKAGE_VERSION "1.9.4"
| #define PACKAGE_STRING "opendht 1.9.4"
| #define PACKAGE_BUGREPORT ""
| #define PACKAGE_URL ""
| #define PACKAGE "opendht"
| #define VERSION "1.9.4"
| #define OPENDHT_LOG true
| #define OPENDHT_INDEXATION 1
| /* end confdefs.h.  */
| #include <ac_nonexistent.h>
configure:8843: checking for ANSI C header files
configure:8863: gcc -c -g -O2  conftest.c >&5
configure:8863: $? = 0
configure:8936: gcc -o conftest -g -O2   -lpthread conftest.c  >&5
configure:8936: $? = 0
configure:8936: ./conftest
configure:8936: $? = 0
configure:8947: result: yes
configure:8960: checking for sys/types.h
configure:8960: gcc -c -g -O2  conftest.c >&5
configure:8960: $? = 0
configure:8960: result: yes
configure:8960: checking for sys/stat.h
configure:8960: gcc -c -g -O2  conftest.c >&5
configure:8960: $? = 0
configure:8960: result: yes
configure:8960: checking for stdlib.h
configure:8960: gcc -c -g -O2  conftest.c >&5
configure:8960: $? = 0
configure:8960: result: yes
configure:8960: checking for string.h
configure:8960: gcc -c -g -O2  conftest.c >&5
configure:8960: $? = 0
configure:8960: result: yes
configure:8960: checking for memory.h
configure:8960: gcc -c -g -O2  conftest.c >&5
configure:8960: $? = 0
configure:8960: result: yes
configure:8960: checking for strings.h
configure:8960: gcc -c -g -O2  conftest.c >&5
configure:8960: $? = 0
configure:8960: result: yes
configure:8960: checking for inttypes.h
configure:8960: gcc -c -g -O2  conftest.c >&5
configure:8960: $? = 0
configure:8960: result: yes
configure:8960: checking for stdint.h
configure:8960: gcc -c -g -O2  conftest.c >&5
configure:8960: $? = 0
configure:8960: result: yes
configure:8960: checking for unistd.h
configure:8960: gcc -c -g -O2  conftest.c >&5
configure:8960: $? = 0
configure:8960: result: yes
configure:8974: checking for dlfcn.h
configure:8974: gcc -c -g -O2  conftest.c >&5
configure:8974: $? = 0
configure:8974: result: yes
configure:9241: checking for objdir
configure:9256: result: .libs
configure:9520: checking if gcc supports -fno-rtti -fno-exceptions
configure:9538: gcc -c -g -O2  -fno-rtti -fno-exceptions conftest.c >&5
cc1: warning: command line option '-fno-rtti' is valid for C++/ObjC++ but not for C
configure:9542: $? = 0
configure:9555: result: no
configure:9913: checking for gcc option to produce PIC
configure:9920: result: -fPIC -DPIC
configure:9928: checking if gcc PIC flag -fPIC -DPIC works
configure:9946: gcc -c -g -O2  -fPIC -DPIC -DPIC conftest.c >&5
configure:9950: $? = 0
configure:9963: result: yes
configure:9992: checking if gcc static flag -static works
configure:10020: result: yes
configure:10035: checking if gcc supports -c -o file.o
configure:10056: gcc -c -g -O2  -o out/conftest2.o conftest.c >&5
configure:10060: $? = 0
configure:10082: result: yes
configure:10090: checking if gcc supports -c -o file.o
configure:10137: result: yes
configure:10170: checking whether the gcc linker (/usr/bin/ld -m elf_x86_64) supports shared libraries
configure:11433: result: yes
configure:11470: checking whether -lc should be explicitly linked in
configure:11478: gcc -c -g -O2  conftest.c >&5
configure:11481: $? = 0
configure:11496: gcc -shared  -fPIC -DPIC conftest.o  -v -Wl,-soname -Wl,conftest -o conftest 2\>\&1 \| /bin/grep  -lc  \>/dev/null 2\>\&1
configure:11499: $? = 0
configure:11513: result: no
configure:11673: checking dynamic linker characteristics
configure:12254: gcc -o conftest -g -O2   -lpthread -Wl,-rpath -Wl,/foo conftest.c  >&5
configure:12254: $? = 0
configure:12503: result: GNU/Linux ld.so
configure:12625: checking how to hardcode library paths into programs
configure:12650: result: immediate
configure:13198: checking whether stripping libraries is possible
configure:13203: result: yes
configure:13238: checking if libtool supports shared libraries
configure:13240: result: yes
configure:13243: checking whether to build shared libraries
configure:13268: result: yes
configure:13271: checking whether to build static libraries
configure:13275: result: yes
configure:13298: checking how to run the C++ preprocessor
configure:13325: g++ -E  conftest.cpp
configure:13325: $? = 0
configure:13339: g++ -E  conftest.cpp
conftest.cpp:25:10: fatal error: ac_nonexistent.h: No such file or directory
 #include <ac_nonexistent.h>
          ^~~~~~~~~~~~~~~~~~
compilation terminated.
configure:13339: $? = 1
configure: failed program was:
| /* confdefs.h */
| #define PACKAGE_NAME "opendht"
| #define PACKAGE_TARNAME "opendht"
| #define PACKAGE_VERSION "1.9.4"
| #define PACKAGE_STRING "opendht 1.9.4"
| #define PACKAGE_BUGREPORT ""
| #define PACKAGE_URL ""
| #define PACKAGE "opendht"
| #define VERSION "1.9.4"
| #define OPENDHT_LOG true
| #define OPENDHT_INDEXATION 1
| #define STDC_HEADERS 1
| #define HAVE_SYS_TYPES_H 1
| #define HAVE_SYS_STAT_H 1
| #define HAVE_STDLIB_H 1
| #define HAVE_STRING_H 1
| #define HAVE_MEMORY_H 1
| #define HAVE_STRINGS_H 1
| #define HAVE_INTTYPES_H 1
| #define HAVE_STDINT_H 1
| #define HAVE_UNISTD_H 1
| #define HAVE_DLFCN_H 1
| #define LT_OBJDIR ".libs/"
| /* end confdefs.h.  */
| #include <ac_nonexistent.h>
configure:13364: result: g++ -E
configure:13384: g++ -E  conftest.cpp
configure:13384: $? = 0
configure:13398: g++ -E  conftest.cpp
conftest.cpp:25:10: fatal error: ac_nonexistent.h: No such file or directory
 #include <ac_nonexistent.h>
          ^~~~~~~~~~~~~~~~~~
compilation terminated.
configure:13398: $? = 1
configure: failed program was:
| /* confdefs.h */
| #define PACKAGE_NAME "opendht"
| #define PACKAGE_TARNAME "opendht"
| #define PACKAGE_VERSION "1.9.4"
| #define PACKAGE_STRING "opendht 1.9.4"
| #define PACKAGE_BUGREPORT ""
| #define PACKAGE_URL ""
| #define PACKAGE "opendht"
| #define VERSION "1.9.4"
| #define OPENDHT_LOG true
| #define OPENDHT_INDEXATION 1
| #define STDC_HEADERS 1
| #define HAVE_SYS_TYPES_H 1
| #define HAVE_SYS_STAT_H 1
| #define HAVE_STDLIB_H 1
| #define HAVE_STRING_H 1
| #define HAVE_MEMORY_H 1
| #define HAVE_STRINGS_H 1
| #define HAVE_INTTYPES_H 1
| #define HAVE_STDINT_H 1
| #define HAVE_UNISTD_H 1
| #define HAVE_DLFCN_H 1
| #define LT_OBJDIR ".libs/"
| /* end confdefs.h.  */
| #include <ac_nonexistent.h>
configure:13560: checking for ld used by g++
configure:13627: result: /usr/bin/ld -m elf_x86_64
configure:13634: checking if the linker (/usr/bin/ld -m elf_x86_64) is GNU ld
configure:13649: result: yes
configure:13704: checking whether the g++ linker (/usr/bin/ld -m elf_x86_64) supports shared libraries
configure:14777: result: yes
configure:14813: g++ -c  -O3 -pedantic-errors  conftest.cpp >&5
configure:14816: $? = 0
configure:15297: checking for g++ option to produce PIC
configure:15304: result: -fPIC -DPIC
configure:15312: checking if g++ PIC flag -fPIC -DPIC works
configure:15330: g++ -c  -O3 -pedantic-errors  -fPIC -DPIC -DPIC conftest.cpp >&5
configure:15334: $? = 0
configure:15347: result: yes
configure:15370: checking if g++ static flag -static works
configure:15398: result: yes
configure:15410: checking if g++ supports -c -o file.o
configure:15431: g++ -c  -O3 -pedantic-errors  -o out/conftest2.o conftest.cpp >&5
configure:15435: $? = 0
configure:15457: result: yes
configure:15462: checking if g++ supports -c -o file.o
configure:15509: result: yes
configure:15539: checking whether the g++ linker (/usr/bin/ld -m elf_x86_64) supports shared libraries
configure:15582: result: yes
configure:15723: checking dynamic linker characteristics
configure:16480: result: GNU/Linux ld.so
configure:16545: checking how to hardcode library paths into programs
configure:16570: result: immediate
configure:16640: checking whether g++ supports C++11 features by default
configure:16934: g++ -c  -O3 -pedantic-errors  conftest.cpp >&5
configure:16934: $? = 0
configure:16941: result: yes
configure:17347: checking for pkg-config
configure:17365: found /usr/bin/pkg-config
configure:17377: result: /usr/bin/pkg-config
configure:17402: checking pkg-config is at least version 0.9.0
configure:17405: result: yes
configure:17607: checking for Nettle
configure:17614: $PKG_CONFIG --exists --print-errors "nettle >= 2.4"
configure:17617: $? = 0
configure:17631: $PKG_CONFIG --exists --print-errors "nettle >= 2.4"
configure:17634: $? = 0
configure:17692: result: yes
configure:17698: checking for GnuTLS
configure:17705: $PKG_CONFIG --exists --print-errors "gnutls >= 3.3"
configure:17708: $? = 0
configure:17722: $PKG_CONFIG --exists --print-errors "gnutls >= 3.3"
configure:17725: $? = 0
configure:17783: result: yes
configure:17789: checking for MsgPack
configure:17796: $PKG_CONFIG --exists --print-errors "msgpack >= 1.2"
configure:17799: $? = 0
configure:17813: $PKG_CONFIG --exists --print-errors "msgpack >= 1.2"
configure:17816: $? = 0
configure:17874: result: yes
configure:17888: checking for JsonCpp
configure:17895: $PKG_CONFIG --exists --print-errors "jsoncpp >= 1.7.2"
configure:17898: $? = 0
configure:17912: $PKG_CONFIG --exists --print-errors "jsoncpp >= 1.7.2"
configure:17915: $? = 0
configure:17953: result: yes
configure:17962: Using JsonCpp
configure:18040: checking for Argon2
configure:18047: $PKG_CONFIG --exists --print-errors "libargon2"
configure:18050: $? = 0
configure:18064: $PKG_CONFIG --exists --print-errors "libargon2"
configure:18067: $? = 0
configure:18105: result: yes
configure:18114: Using system Argon2
configure:18169: checking readline/readline.h usability
configure:18169: gcc -c -g -O2  -DOPENDHT_JSONCPP=1 conftest.c >&5
configure:18169: $? = 0
configure:18169: result: yes
configure:18169: checking readline/readline.h presence
configure:18169: gcc -E  -DOPENDHT_JSONCPP=1 conftest.c
configure:18169: $? = 0
configure:18169: result: yes
configure:18169: checking for readline/readline.h
configure:18169: result: yes
configure:18169: checking readline/history.h usability
configure:18169: gcc -c -g -O2  -DOPENDHT_JSONCPP=1 conftest.c >&5
configure:18169: $? = 0
configure:18169: result: yes
configure:18169: checking readline/history.h presence
configure:18169: gcc -E  -DOPENDHT_JSONCPP=1 conftest.c
configure:18169: $? = 0
configure:18169: result: yes
configure:18169: checking for readline/history.h
configure:18169: result: yes
configure:18332: checking that generated files are newer than configure
configure:18338: result: done
configure:18417: creating ./config.status

## ---------------------- ##
## Running config.status. ##
## ---------------------- ##

This file was extended by opendht config.status 1.9.4, which was
generated by GNU Autoconf 2.69.  Invocation command line was

  CONFIG_FILES    = 
  CONFIG_HEADERS  = 
  CONFIG_LINKS    = 
  CONFIG_COMMANDS = 
  $ ./config.status 

on localhost

config.status:1224: creating python/Makefile
config.status:1224: creating python/setup.py
config.status:1224: creating Makefile
config.status:1224: creating src/Makefile
config.status:1224: creating tools/Makefile
config.status:1224: creating tests/Makefile
config.status:1224: creating opendht.pc
config.status:1224: creating config.h
config.status:1453: executing depfiles commands
config.status:1453: executing libtool commands

## ---------------- ##
## Cache variables. ##
## ---------------- ##

ac_cv_build=x86_64-pc-linux-gnu
ac_cv_c_compiler_gnu=yes
ac_cv_cxx_compiler_gnu=yes
ac_cv_env_Argon2_CFLAGS_set=
ac_cv_env_Argon2_CFLAGS_value=
ac_cv_env_Argon2_LIBS_set=
ac_cv_env_Argon2_LIBS_value=
ac_cv_env_CCC_set=
ac_cv_env_CCC_value=
ac_cv_env_CC_set=
ac_cv_env_CC_value=
ac_cv_env_CFLAGS_set=
ac_cv_env_CFLAGS_value=
ac_cv_env_CPPFLAGS_set=
ac_cv_env_CPPFLAGS_value=
ac_cv_env_CPP_set=
ac_cv_env_CPP_value=
ac_cv_env_CXXCPP_set=
ac_cv_env_CXXCPP_value=
ac_cv_env_CXXFLAGS_set=
ac_cv_env_CXXFLAGS_value=
ac_cv_env_CXX_set=
ac_cv_env_CXX_value=
ac_cv_env_CppUnit_CFLAGS_set=
ac_cv_env_CppUnit_CFLAGS_value=
ac_cv_env_CppUnit_LIBS_set=
ac_cv_env_CppUnit_LIBS_value=
ac_cv_env_GnuTLS_CFLAGS_set=
ac_cv_env_GnuTLS_CFLAGS_value=
ac_cv_env_GnuTLS_LIBS_set=
ac_cv_env_GnuTLS_LIBS_value=
ac_cv_env_JsonCpp_CFLAGS_set=
ac_cv_env_JsonCpp_CFLAGS_value=
ac_cv_env_JsonCpp_LIBS_set=
ac_cv_env_JsonCpp_LIBS_value=
ac_cv_env_LDFLAGS_set=
ac_cv_env_LDFLAGS_value=
ac_cv_env_LIBS_set=
ac_cv_env_LIBS_value=
ac_cv_env_LT_SYS_LIBRARY_PATH_set=
ac_cv_env_LT_SYS_LIBRARY_PATH_value=
ac_cv_env_MsgPack_CFLAGS_set=
ac_cv_env_MsgPack_CFLAGS_value=
ac_cv_env_MsgPack_LIBS_set=
ac_cv_env_MsgPack_LIBS_value=
ac_cv_env_Nettle_CFLAGS_set=
ac_cv_env_Nettle_CFLAGS_value=
ac_cv_env_Nettle_LIBS_set=
ac_cv_env_Nettle_LIBS_value=
ac_cv_env_PKG_CONFIG_LIBDIR_set=
ac_cv_env_PKG_CONFIG_LIBDIR_value=
ac_cv_env_PKG_CONFIG_PATH_set=
ac_cv_env_PKG_CONFIG_PATH_value=
ac_cv_env_PKG_CONFIG_set=
ac_cv_env_PKG_CONFIG_value=
ac_cv_env_PYTHON_set=
ac_cv_env_PYTHON_value=
ac_cv_env_build_alias_set=
ac_cv_env_build_alias_value=
ac_cv_env_host_alias_set=
ac_cv_env_host_alias_value=
ac_cv_env_target_alias_set=
ac_cv_env_target_alias_value=
ac_cv_header_dlfcn_h=yes
ac_cv_header_inttypes_h=yes
ac_cv_header_memory_h=yes
ac_cv_header_readline_history_h=yes
ac_cv_header_readline_readline_h=yes
ac_cv_header_stdc=yes
ac_cv_header_stdint_h=yes
ac_cv_header_stdlib_h=yes
ac_cv_header_string_h=yes
ac_cv_header_strings_h=yes
ac_cv_header_sys_stat_h=yes
ac_cv_header_sys_types_h=yes
ac_cv_header_unistd_h=yes
ac_cv_host=x86_64-pc-linux-gnu
ac_cv_objext=o
ac_cv_path_EGREP='/bin/grep -E'
ac_cv_path_FGREP='/bin/grep -F'
ac_cv_path_GREP=/bin/grep
ac_cv_path_PYTHON=/usr/bin/python3
ac_cv_path_SED=/bin/sed
ac_cv_path_ac_pt_PKG_CONFIG=/usr/bin/pkg-config
ac_cv_path_install='/usr/bin/install -c'
ac_cv_path_lt_DD=/bin/dd
ac_cv_path_mkdir=/bin/mkdir
ac_cv_prog_AWK=gawk
ac_cv_prog_CPP='gcc -E'
ac_cv_prog_CXXCPP='g++ -E'
ac_cv_prog_PIP=pip3
ac_cv_prog_ac_ct_AR=ar
ac_cv_prog_ac_ct_CC=gcc
ac_cv_prog_ac_ct_CXX=g++
ac_cv_prog_ac_ct_MANIFEST_TOOL=mt
ac_cv_prog_ac_ct_OBJDUMP=objdump
ac_cv_prog_ac_ct_RANLIB=ranlib
ac_cv_prog_ac_ct_STRIP=strip
ac_cv_prog_cc_c89=
ac_cv_prog_cc_g=yes
ac_cv_prog_cxx_g=yes
ac_cv_prog_make_make_set=yes
am_cv_CC_dependencies_compiler_type=gcc3
am_cv_CXX_dependencies_compiler_type=gcc3
am_cv_ar_interface=ar
am_cv_make_support_nested_variables=yes
am_cv_pathless_PYTHON=python3
am_cv_prog_cc_c_o=yes
am_cv_python_platform=linux
am_cv_python_pyexecdir='${exec_prefix}/lib/python3.6/site-packages'
am_cv_python_pythondir='${prefix}/lib/python3.6/site-packages'
am_cv_python_version=3.6
ax_cv_cxx_compile_cxx11=yes
lt_cv_ar_at_file=@
lt_cv_archive_cmds_need_lc=no
lt_cv_deplibs_check_method=pass_all
lt_cv_file_magic_cmd='$MAGIC_CMD'
lt_cv_file_magic_test_file=
lt_cv_ld_reload_flag=-r
lt_cv_nm_interface='BSD nm'
lt_cv_objdir=.libs
lt_cv_path_LD=/usr/bin/ld
lt_cv_path_LDCXX='/usr/bin/ld -m elf_x86_64'
lt_cv_path_NM='/usr/bin/nm -B'
lt_cv_path_mainfest_tool=no
lt_cv_prog_compiler_c_o=yes
lt_cv_prog_compiler_c_o_CXX=yes
lt_cv_prog_compiler_pic='-fPIC -DPIC'
lt_cv_prog_compiler_pic_CXX='-fPIC -DPIC'
lt_cv_prog_compiler_pic_works=yes
lt_cv_prog_compiler_pic_works_CXX=yes
lt_cv_prog_compiler_rtti_exceptions=no
lt_cv_prog_compiler_static_works=yes
lt_cv_prog_compiler_static_works_CXX=yes
lt_cv_prog_gnu_ld=yes
lt_cv_prog_gnu_ldcxx=yes
lt_cv_sharedlib_from_linklib_cmd='printf %s\n'
lt_cv_shlibpath_overrides_runpath=yes
lt_cv_sys_global_symbol_pipe='sed -n -e '\''s/^.*[	 ]\([ABCDGIRSTW][ABCDGIRSTW]*\)[	 ][	 ]*\([_A-Za-z][_A-Za-z0-9]*\)$/\1 \2 \2/p'\'' | sed '\''/ __gnu_lto/d'\'''
lt_cv_sys_global_symbol_to_c_name_address='sed -n -e '\''s/^: \(.*\) .*$/  {"\1", (void *) 0},/p'\'' -e '\''s/^[ABCDGIRSTW][ABCDGIRSTW]* .* \(.*\)$/  {"\1", (void *) \&\1},/p'\'''
lt_cv_sys_global_symbol_to_c_name_address_lib_prefix='sed -n -e '\''s/^: \(.*\) .*$/  {"\1", (void *) 0},/p'\'' -e '\''s/^[ABCDGIRSTW][ABCDGIRSTW]* .* \(lib.*\)$/  {"\1", (void *) \&\1},/p'\'' -e '\''s/^[ABCDGIRSTW][ABCDGIRSTW]* .* \(.*\)$/  {"lib\1", (void *) \&\1},/p'\'''
lt_cv_sys_global_symbol_to_cdecl='sed -n -e '\''s/^T .* \(.*\)$/extern int \1();/p'\'' -e '\''s/^[ABCDGIRSTW][ABCDGIRSTW]* .* \(.*\)$/extern char \1;/p'\'''
lt_cv_sys_global_symbol_to_import=
lt_cv_sys_max_cmd_len=1572864
lt_cv_to_host_file_cmd=func_convert_file_noop
lt_cv_to_tool_file_cmd=func_convert_file_noop
lt_cv_truncate_bin='/bin/dd bs=4096 count=1'
pkg_cv_Argon2_CFLAGS=
pkg_cv_Argon2_LIBS='-largon2 -lrt -ldl'
pkg_cv_GnuTLS_CFLAGS=-I/usr/include/p11-kit-1
pkg_cv_GnuTLS_LIBS=-lgnutls
pkg_cv_JsonCpp_CFLAGS=-I/usr/include/jsoncpp
pkg_cv_JsonCpp_LIBS=-ljsoncpp
pkg_cv_MsgPack_CFLAGS=
pkg_cv_MsgPack_LIBS=-lmsgpackc
pkg_cv_Nettle_CFLAGS=
pkg_cv_Nettle_LIBS=-lnettle

## ----------------- ##
## Output variables. ##
## ----------------- ##

ACLOCAL='${SHELL} /home/sylvain/vDexNetwork/vDexNode/ac/missing aclocal-1.15'
AMDEPBACKSLASH='\'
AMDEP_FALSE='#'
AMDEP_TRUE=''
AMTAR='$${TAR-tar}'
AM_BACKSLASH='\'
AM_DEFAULT_V='$(AM_DEFAULT_VERBOSITY)'
AM_DEFAULT_VERBOSITY='1'
AM_V='$(V)'
AR='ar'
AUTOCONF='${SHELL} /home/sylvain/vDexNetwork/vDexNode/ac/missing autoconf'
AUTOHEADER='${SHELL} /home/sylvain/vDexNetwork/vDexNode/ac/missing autoheader'
AUTOMAKE='${SHELL} /home/sylvain/vDexNetwork/vDexNode/ac/missing automake-1.15'
AWK='gawk'
Argon2_CFLAGS=''
Argon2_LDFLAGS=''
Argon2_LIBS='-largon2 -lrt -ldl'
CC='gcc'
CCDEPMODE='depmode=gcc3'
CFLAGS='-g -O2'
CPP='gcc -E'
CPPFLAGS=' -DOPENDHT_JSONCPP=1'
CURRENT_BINARY_DIR='.'
CURRENT_SOURCE_DIR='.'
CXX='g++'
CXXCPP='g++ -E'
CXXDEPMODE='depmode=gcc3'
CXXFLAGS=' -O3 -pedantic-errors -DMSGPACK_DISABLE_LEGACY_NIL -DMSGPACK_DISABLE_LEGACY_CONVERT'
CYGPATH_W='echo'
CppUnit_CFLAGS=''
CppUnit_LIBS=''
DEFS='-DHAVE_CONFIG_H'
DEPDIR='.deps'
DLLTOOL='false'
DOXYGEN=''
DSYMUTIL=''
DUMPBIN=''
ECHO_C=''
ECHO_N='-n'
ECHO_T=''
EGREP='/bin/grep -E'
ENABLE_INDEXATION_FALSE='#'
ENABLE_INDEXATION_TRUE=''
ENABLE_PROXY_CLIENT_FALSE=''
ENABLE_PROXY_CLIENT_TRUE='#'
ENABLE_PROXY_SERVER_FALSE=''
ENABLE_PROXY_SERVER_IDENTITY_FALSE=''
ENABLE_PROXY_SERVER_IDENTITY_TRUE='#'
ENABLE_PROXY_SERVER_TRUE='#'
ENABLE_PUSH_NOTIFICATIONS_FALSE=''
ENABLE_PUSH_NOTIFICATIONS_TRUE='#'
ENABLE_TESTS_FALSE=''
ENABLE_TESTS_TRUE='#'
ENABLE_TOOLS_FALSE='#'
ENABLE_TOOLS_TRUE=''
EXEEXT=''
FGREP='/bin/grep -F'
GREP='/bin/grep'
GnuTLS_CFLAGS='-I/usr/include/p11-kit-1'
GnuTLS_LIBS='-lgnutls'
HAVE_CXX11='1'
HAVE_DOXYGEN_FALSE=''
HAVE_DOXYGEN_TRUE='#'
HAVE_PIP_FALSE='#'
HAVE_PIP_TRUE=''
INSTALL_DATA='${INSTALL} -m 644'
INSTALL_PROGRAM='${INSTALL}'
INSTALL_SCRIPT='${INSTALL}'
INSTALL_STRIP_PROGRAM='$(install_sh) -c -s'
JsonCpp_CFLAGS='-I/usr/include/jsoncpp'
JsonCpp_LIBS='-ljsoncpp'
LD='/usr/bin/ld -m elf_x86_64'
LDFLAGS=' -lpthread'
LIBOBJS=''
LIBS=''
LIBTOOL='$(SHELL) $(top_builddir)/libtool'
LIPO=''
LN_S='ln -s'
LTLIBOBJS=''
LT_SYS_LIBRARY_PATH=''
MAKEINFO='${SHELL} /home/sylvain/vDexNetwork/vDexNode/ac/missing makeinfo'
MANIFEST_TOOL=':'
MKDIR_P='/bin/mkdir -p'
MsgPack_CFLAGS=''
MsgPack_LIBS='-lmsgpackc'
NM='/usr/bin/nm -B'
NMEDIT=''
Nettle_CFLAGS=''
Nettle_LIBS='-lnettle'
OBJDUMP='objdump'
OBJEXT='o'
OPENDHT_MAJOR_VERSION='1'
OPENDHT_MINOR_VERSION='9'
OPENDHT_PATCH_VERSION='4'
OTOOL64=''
OTOOL=''
PACKAGE='opendht'
PACKAGE_BUGREPORT=''
PACKAGE_NAME='opendht'
PACKAGE_STRING='opendht 1.9.4'
PACKAGE_TARNAME='opendht'
PACKAGE_URL=''
PACKAGE_VERSION='1.9.4'
PATH_SEPARATOR=':'
PIP='pip3'
PKG_CONFIG='/usr/bin/pkg-config'
PKG_CONFIG_LIBDIR=''
PKG_CONFIG_PATH=''
PROGRAMFILES=''
PROJECT_BINARY_DIR='../src/.libs'
PROJECT_SOURCE_DIR='..'
PROXY_CLIENT_OR_SERVER_FALSE=''
PROXY_CLIENT_OR_SERVER_TRUE='#'
PYTHON='/usr/bin/python3'
PYTHON_EXEC_PREFIX='${exec_prefix}'
PYTHON_PLATFORM='linux'
PYTHON_PREFIX='${prefix}'
PYTHON_VERSION='3.6'
RANLIB='ranlib'
SED='/bin/sed'
SET_MAKE=''
SHELL='/bin/bash'
STRIP='strip'
USE_CYTHON_FALSE='#'
USE_CYTHON_TRUE=''
VERSION='1.9.4'
WIN32_FALSE=''
WIN32_TRUE='#'
WINDOWS_ARCH=''
WITH_INCLUDED_ARGON2_FALSE=''
WITH_INCLUDED_ARGON2_TRUE='#'
ac_ct_AR='ar'
ac_ct_CC='gcc'
ac_ct_CXX='g++'
ac_ct_DUMPBIN=''
am__EXEEXT_FALSE=''
am__EXEEXT_TRUE='#'
am__fastdepCC_FALSE='#'
am__fastdepCC_TRUE=''
am__fastdepCXX_FALSE='#'
am__fastdepCXX_TRUE=''
am__include='include'
am__isrc=''
am__leading_dot='.'
am__nodep='_no'
am__quote=''
am__tar='$${TAR-tar} chof - "$$tardir"'
am__untar='$${TAR-tar} xf -'
argon2_lib=', libargon2'
bindir='${exec_prefix}/bin'
build='x86_64-pc-linux-gnu'
build_alias=''
build_cpu='x86_64'
build_os='linux-gnu'
build_vendor='pc'
datadir='${datarootdir}'
datarootdir='${prefix}/share'
docdir='${datarootdir}/doc/${PACKAGE_TARNAME}'
dvidir='${docdir}'
exec_prefix='${prefix}'
host='x86_64-pc-linux-gnu'
host_alias=''
host_cpu='x86_64'
host_os='linux-gnu'
host_vendor='pc'
htmldir='${docdir}'
includedir='${prefix}/include'
infodir='${datarootdir}/info'
install_sh='${SHELL} /home/sylvain/vDexNetwork/vDexNode/ac/install-sh'
libdir='${exec_prefix}/lib'
libexecdir='${exec_prefix}/libexec'
localedir='${datarootdir}/locale'
localstatedir='${prefix}/var'
mandir='${datarootdir}/man'
mkdir_p='$(MKDIR_P)'
oldincludedir='/usr/include'
pdfdir='${docdir}'
pkgpyexecdir='${pyexecdir}/opendht'
pkgpythondir='${pythondir}/opendht'
prefix='/usr'
program_transform_name='s,x,x,'
psdir='${docdir}'
pyexecdir='${exec_prefix}/lib/python3.6/site-packages'
pythondir='${prefix}/lib/python3.6/site-packages'
runstatedir='${localstatedir}/run'
sbindir='${exec_prefix}/sbin'
sharedstatedir='${prefix}/com'
sysconfdir='${prefix}/etc'
target_alias=''

## ----------- ##
## confdefs.h. ##
## ----------- ##

/* confdefs.h */
#define PACKAGE_NAME "opendht"
#define PACKAGE_TARNAME "opendht"
#define PACKAGE_VERSION "1.9.4"
#define PACKAGE_STRING "opendht 1.9.4"
#define PACKAGE_BUGREPORT ""
#define PACKAGE_URL ""
#define PACKAGE "opendht"
#define VERSION "1.9.4"
#define OPENDHT_LOG true
#define OPENDHT_INDEXATION 1
#define STDC_HEADERS 1
#define HAVE_SYS_TYPES_H 1
#define HAVE_SYS_STAT_H 1
#define HAVE_STDLIB_H 1
#define HAVE_STRING_H 1
#define HAVE_MEMORY_H 1
#define HAVE_STRINGS_H 1
#define HAVE_INTTYPES_H 1
#define HAVE_STDINT_H 1
#define HAVE_UNISTD_H 1
#define HAVE_DLFCN_H 1
#define LT_OBJDIR ".libs/"
#define HAVE_CXX11 1
#define HAVE_READLINE_READLINE_H 1
#define HAVE_READLINE_HISTORY_H 1

configure: exit 0

## ---------------------- ##
## Running config.status. ##
## ---------------------- ##

This file was extended by opendht config.status 1.9.4, which was
generated by GNU Autoconf 2.69.  Invocation command line was

  CONFIG_FILES    = 
  CONFIG_HEADERS  = 
  CONFIG_LINKS    = 
  CONFIG_COMMANDS = 
  $ ./config.status config.h

on localhost

config.status:1224: creating config.h
config.status:1405: config.h is unchanged
