Determining if the pthread_create exist failed with the following output:
Change Dir: /home/sylvain/vDexNode/CMakeFiles/CMakeTmp

Run Build Command:"/usr/bin/make" "cmTC_20a23/fast"
/usr/bin/make -f CMakeFiles/cmTC_20a23.dir/build.make CMakeFiles/cmTC_20a23.dir/build
make[1]: Entering directory '/home/sylvain/vDexNode/CMakeFiles/CMakeTmp'
Building C object CMakeFiles/cmTC_20a23.dir/CheckSymbolExists.c.o
/usr/bin/cc    -o CMakeFiles/cmTC_20a23.dir/CheckSymbolExists.c.o   -c /home/sylvain/vDexNode/CMakeFiles/CMakeTmp/CheckSymbolExists.c
Linking C executable cmTC_20a23
/usr/bin/cmake -E cmake_link_script CMakeFiles/cmTC_20a23.dir/link.txt --verbose=1
/usr/bin/cc      -rdynamic CMakeFiles/cmTC_20a23.dir/CheckSymbolExists.c.o  -o cmTC_20a23 
CMakeFiles/cmTC_20a23.dir/CheckSymbolExists.c.o: In function `main':
CheckSymbolExists.c:(.text+0x1b): undefined reference to `pthread_create'
collect2: error: ld returned 1 exit status
CMakeFiles/cmTC_20a23.dir/build.make:97: recipe for target 'cmTC_20a23' failed
make[1]: *** [cmTC_20a23] Error 1
make[1]: Leaving directory '/home/sylvain/vDexNode/CMakeFiles/CMakeTmp'
Makefile:126: recipe for target 'cmTC_20a23/fast' failed
make: *** [cmTC_20a23/fast] Error 2

File /home/sylvain/vDexNode/CMakeFiles/CMakeTmp/CheckSymbolExists.c:
/* */
#include <pthread.h>

int main(int argc, char** argv)
{
  (void)argv;
#ifndef pthread_create
  return ((int*)(&pthread_create))[argc];
#else
  (void)argc;
  return 0;
#endif
}

Determining if the function pthread_create exists in the pthreads failed with the following output:
Change Dir: /home/sylvain/vDexNode/CMakeFiles/CMakeTmp

Run Build Command:"/usr/bin/make" "cmTC_61d66/fast"
/usr/bin/make -f CMakeFiles/cmTC_61d66.dir/build.make CMakeFiles/cmTC_61d66.dir/build
make[1]: Entering directory '/home/sylvain/vDexNode/CMakeFiles/CMakeTmp'
Building C object CMakeFiles/cmTC_61d66.dir/CheckFunctionExists.c.o
/usr/bin/cc   -DCHECK_FUNCTION_EXISTS=pthread_create   -o CMakeFiles/cmTC_61d66.dir/CheckFunctionExists.c.o   -c /usr/share/cmake-3.10/Modules/CheckFunctionExists.c
Linking C executable cmTC_61d66
/usr/bin/cmake -E cmake_link_script CMakeFiles/cmTC_61d66.dir/link.txt --verbose=1
/usr/bin/cc  -DCHECK_FUNCTION_EXISTS=pthread_create    -rdynamic CMakeFiles/cmTC_61d66.dir/CheckFunctionExists.c.o  -o cmTC_61d66 -lpthreads 
/usr/bin/ld: cannot find -lpthreads
collect2: error: ld returned 1 exit status
CMakeFiles/cmTC_61d66.dir/build.make:97: recipe for target 'cmTC_61d66' failed
make[1]: *** [cmTC_61d66] Error 1
make[1]: Leaving directory '/home/sylvain/vDexNode/CMakeFiles/CMakeTmp'
Makefile:126: recipe for target 'cmTC_61d66/fast' failed
make: *** [cmTC_61d66/fast] Error 2


