Determining if the pthread_create exist failed with the following output:
Change Dir: /home/sylvain/opendht/CMakeFiles/CMakeTmp

Run Build Command:"/usr/bin/make" "cmTC_14b25/fast"
/usr/bin/make -f CMakeFiles/cmTC_14b25.dir/build.make CMakeFiles/cmTC_14b25.dir/build
make[1]: Entering directory '/home/sylvain/opendht/CMakeFiles/CMakeTmp'
Building C object CMakeFiles/cmTC_14b25.dir/CheckSymbolExists.c.o
/usr/bin/cc    -o CMakeFiles/cmTC_14b25.dir/CheckSymbolExists.c.o   -c /home/sylvain/opendht/CMakeFiles/CMakeTmp/CheckSymbolExists.c
Linking C executable cmTC_14b25
/usr/bin/cmake -E cmake_link_script CMakeFiles/cmTC_14b25.dir/link.txt --verbose=1
/usr/bin/cc      -rdynamic CMakeFiles/cmTC_14b25.dir/CheckSymbolExists.c.o  -o cmTC_14b25 
CMakeFiles/cmTC_14b25.dir/CheckSymbolExists.c.o: In function `main':
CheckSymbolExists.c:(.text+0x1b): undefined reference to `pthread_create'
collect2: error: ld returned 1 exit status
CMakeFiles/cmTC_14b25.dir/build.make:97: recipe for target 'cmTC_14b25' failed
make[1]: *** [cmTC_14b25] Error 1
make[1]: Leaving directory '/home/sylvain/opendht/CMakeFiles/CMakeTmp'
Makefile:126: recipe for target 'cmTC_14b25/fast' failed
make: *** [cmTC_14b25/fast] Error 2

File /home/sylvain/opendht/CMakeFiles/CMakeTmp/CheckSymbolExists.c:
/* */
#include <pthread.h>

int main(int argc, char** argv)
{
  (void)argv;
#ifndef pthread_create
  return ((int*)(&pthread_create))[argc];
#else
  (void)argc;
  return 0;
#endif
}

Determining if the function pthread_create exists in the pthreads failed with the following output:
Change Dir: /home/sylvain/opendht/CMakeFiles/CMakeTmp

Run Build Command:"/usr/bin/make" "cmTC_65525/fast"
/usr/bin/make -f CMakeFiles/cmTC_65525.dir/build.make CMakeFiles/cmTC_65525.dir/build
make[1]: Entering directory '/home/sylvain/opendht/CMakeFiles/CMakeTmp'
Building C object CMakeFiles/cmTC_65525.dir/CheckFunctionExists.c.o
/usr/bin/cc   -DCHECK_FUNCTION_EXISTS=pthread_create   -o CMakeFiles/cmTC_65525.dir/CheckFunctionExists.c.o   -c /usr/share/cmake-3.10/Modules/CheckFunctionExists.c
Linking C executable cmTC_65525
/usr/bin/cmake -E cmake_link_script CMakeFiles/cmTC_65525.dir/link.txt --verbose=1
/usr/bin/cc  -DCHECK_FUNCTION_EXISTS=pthread_create    -rdynamic CMakeFiles/cmTC_65525.dir/CheckFunctionExists.c.o  -o cmTC_65525 -lpthreads 
/usr/bin/ld: cannot find -lpthreads
collect2: error: ld returned 1 exit status
CMakeFiles/cmTC_65525.dir/build.make:97: recipe for target 'cmTC_65525' failed
make[1]: *** [cmTC_65525] Error 1
make[1]: Leaving directory '/home/sylvain/opendht/CMakeFiles/CMakeTmp'
Makefile:126: recipe for target 'cmTC_65525/fast' failed
make: *** [cmTC_65525/fast] Error 2


